c:\users\carlos\documents\visual studio 2010\projects\entitysystem\entitysystem\debug\component.obj
c:\users\carlos\documents\visual studio 2010\projects\entitysystem\entitysystem\debug\componenttype.obj
c:\users\carlos\documents\visual studio 2010\projects\entitysystem\entitysystem\debug\componenttypemanager.obj
c:\users\carlos\documents\visual studio 2010\projects\entitysystem\entitysystem\debug\delayedentityprocessingsystem.obj
c:\users\carlos\documents\visual studio 2010\projects\entitysystem\entitysystem\debug\delayedentitysystem.obj
c:\users\carlos\documents\visual studio 2010\projects\entitysystem\entitysystem\debug\entity.obj
c:\users\carlos\documents\visual studio 2010\projects\entitysystem\entitysystem\debug\entitymanager.obj
c:\users\carlos\documents\visual studio 2010\projects\entitysystem\entitysystem\debug\entityprocessingsystem.obj
c:\users\carlos\documents\visual studio 2010\projects\entitysystem\entitysystem\debug\entitysystem.obj
c:\users\carlos\documents\visual studio 2010\projects\entitysystem\entitysystem\debug\groupmanager.obj
c:\users\carlos\documents\visual studio 2010\projects\entitysystem\entitysystem\debug\main.obj
c:\users\carlos\documents\visual studio 2010\projects\entitysystem\entitysystem\debug\systembitmanager.obj
c:\users\carlos\documents\visual studio 2010\projects\entitysystem\entitysystem\debug\systemmanager.obj
c:\users\carlos\documents\visual studio 2010\projects\entitysystem\entitysystem\debug\tagmanager.obj
c:\users\carlos\documents\visual studio 2010\projects\entitysystem\entitysystem\debug\world.obj
c:\users\carlos\documents\visual studio 2010\projects\entitysystem\entitysystem\debug\vc100.pdb
c:\users\carlos\documents\visual studio 2010\projects\entitysystem\debug\entitysystem.ilk
c:\users\carlos\documents\visual studio 2010\projects\entitysystem\debug\entitysystem.exe
c:\users\carlos\documents\visual studio 2010\projects\entitysystem\entitysystem\debug\entitysystem.exe.intermediate.manifest
c:\users\carlos\documents\visual studio 2010\projects\entitysystem\debug\entitysystem.pdb
c:\users\carlos\documents\visual studio 2010\projects\entitysystem\entitysystem\debug\entitysystem.exe.embed.manifest
c:\users\carlos\documents\visual studio 2010\projects\entitysystem\entitysystem\debug\entitysystem.exe.embed.manifest.res
h:\trabalhos\my\not games\entitysystem - c++\entitysystem\debug\vc140.pdb
h:\trabalhos\my\not games\entitysystem - c++\entitysystem\debug\vc140.idb
h:\trabalhos\my\not games\entitysystem - c++\entitysystem\debug\component.obj
h:\trabalhos\my\not games\entitysystem - c++\entitysystem\debug\componenttype.obj
h:\trabalhos\my\not games\entitysystem - c++\entitysystem\debug\componenttypemanager.obj
h:\trabalhos\my\not games\entitysystem - c++\entitysystem\debug\delayedentityprocessingsystem.obj
h:\trabalhos\my\not games\entitysystem - c++\entitysystem\debug\delayedentitysystem.obj
h:\trabalhos\my\not games\entitysystem - c++\entitysystem\debug\entity.obj
h:\trabalhos\my\not games\entitysystem - c++\entitysystem\debug\entitymanager.obj
h:\trabalhos\my\not games\entitysystem - c++\entitysystem\debug\entityprocessingsystem.obj
h:\trabalhos\my\not games\entitysystem - c++\entitysystem\debug\entitysystem.obj
h:\trabalhos\my\not games\entitysystem - c++\entitysystem\debug\groupmanager.obj
h:\trabalhos\my\not games\entitysystem - c++\entitysystem\debug\main.obj
h:\trabalhos\my\not games\entitysystem - c++\entitysystem\debug\systembitmanager.obj
h:\trabalhos\my\not games\entitysystem - c++\entitysystem\debug\systemmanager.obj
h:\trabalhos\my\not games\entitysystem - c++\entitysystem\debug\tagmanager.obj
h:\trabalhos\my\not games\entitysystem - c++\entitysystem\debug\world.obj
h:\trabalhos\my\not games\entitysystem - c++\entitysystem\debug\entitysystem.vcxprojresolveassemblyreference.cache
h:\trabalhos\my\not games\entitysystem - c++\entitysystem\debug\cl.command.1.tlog
h:\trabalhos\my\not games\entitysystem - c++\entitysystem\debug\cl.read.1.tlog
h:\trabalhos\my\not games\entitysystem - c++\entitysystem\debug\cl.write.1.tlog
h:\trabalhos\my\not games\entitysystem - c++\entitysystem\debug\entitysystem.write.1.tlog
h:\trabalhos\my\not games\entitysystem - c++\entitysystem\debug\link-cvtres.read.1.tlog
h:\trabalhos\my\not games\entitysystem - c++\entitysystem\debug\link-cvtres.write.1.tlog
h:\trabalhos\my\not games\entitysystem - c++\entitysystem\debug\link.1060-cvtres.read.1.tlog
h:\trabalhos\my\not games\entitysystem - c++\entitysystem\debug\link.1060-cvtres.write.1.tlog
h:\trabalhos\my\not games\entitysystem - c++\entitysystem\debug\link.1060.read.1.tlog
h:\trabalhos\my\not games\entitysystem - c++\entitysystem\debug\link.1060.write.1.tlog
h:\trabalhos\my\not games\entitysystem - c++\entitysystem\debug\link.5684-cvtres.read.1.tlog
h:\trabalhos\my\not games\entitysystem - c++\entitysystem\debug\link.5684-cvtres.write.1.tlog
h:\trabalhos\my\not games\entitysystem - c++\entitysystem\debug\link.5684.read.1.tlog
h:\trabalhos\my\not games\entitysystem - c++\entitysystem\debug\link.5684.write.1.tlog
h:\trabalhos\my\not games\entitysystem - c++\entitysystem\debug\link.6100-cvtres.read.1.tlog
h:\trabalhos\my\not games\entitysystem - c++\entitysystem\debug\link.6100-cvtres.write.1.tlog
h:\trabalhos\my\not games\entitysystem - c++\entitysystem\debug\link.6100.read.1.tlog
h:\trabalhos\my\not games\entitysystem - c++\entitysystem\debug\link.6100.write.1.tlog
h:\trabalhos\my\not games\entitysystem - c++\entitysystem\debug\link.7572-cvtres.read.1.tlog
h:\trabalhos\my\not games\entitysystem - c++\entitysystem\debug\link.7572-cvtres.write.1.tlog
h:\trabalhos\my\not games\entitysystem - c++\entitysystem\debug\link.7572.read.1.tlog
h:\trabalhos\my\not games\entitysystem - c++\entitysystem\debug\link.7572.write.1.tlog
h:\trabalhos\my\not games\entitysystem - c++\entitysystem\debug\link.command.1.tlog
h:\trabalhos\my\not games\entitysystem - c++\entitysystem\debug\link.read.1.tlog
h:\trabalhos\my\not games\entitysystem - c++\entitysystem\debug\link.write.1.tlog
h:\trabalhos\my\not games\entitysystem - c++\entitysystem\debug\mt.command.1.tlog
h:\trabalhos\my\not games\entitysystem - c++\entitysystem\debug\mt.read.1.tlog
h:\trabalhos\my\not games\entitysystem - c++\entitysystem\debug\mt.write.1.tlog
h:\trabalhos\my\not games\entitysystem - c++\entitysystem\debug\rc.command.1.tlog
h:\trabalhos\my\not games\entitysystem - c++\entitysystem\debug\rc.read.1.tlog
h:\trabalhos\my\not games\entitysystem - c++\entitysystem\debug\rc.write.1.tlog
h:\trabalhos\my\not games\entitysystem - c++\entitysystem\debug\entitysystem.exe.embed.manifest
h:\trabalhos\my\not games\entitysystem - c++\entitysystem\debug\entitysystem.exe.intermediate.manifest
h:\trabalhos\my\not games\entitysystem - c++\entitysystem\debug\entitysystem.exe.embed.manifest.res
h:\trabalhos\my\not games\entitysystem - c++\entitysystem\debug\vc100.idb
h:\trabalhos\my\not games\entitysystem - c++\entitysystem\debug\vc100.pdb
h:\trabalhos\my\not games\entitysystem - c++\entitysystem\debug\entitysystem_manifest.rc
h:\trabalhos\my\not games\entitysystem - c++\debug\entitysystem.pdb
h:\trabalhos\my\not games\entitysystem - c++\entitysystem\debug\entitysystem.tlog\cl.command.1.tlog
h:\trabalhos\my\not games\entitysystem - c++\entitysystem\debug\entitysystem.tlog\cl.read.1.tlog
h:\trabalhos\my\not games\entitysystem - c++\entitysystem\debug\entitysystem.tlog\cl.write.1.tlog
h:\trabalhos\my\not games\entitysystem - c++\entitysystem\debug\entitysystem.tlog\link-cvtres.read.1.tlog
h:\trabalhos\my\not games\entitysystem - c++\entitysystem\debug\entitysystem.tlog\link-cvtres.write.1.tlog
h:\trabalhos\my\not games\entitysystem - c++\entitysystem\debug\entitysystem.tlog\link-rc.read.1.tlog
h:\trabalhos\my\not games\entitysystem - c++\entitysystem\debug\entitysystem.tlog\link-rc.write.1.tlog
h:\trabalhos\my\not games\entitysystem - c++\entitysystem\debug\entitysystem.tlog\link.command.1.tlog
h:\trabalhos\my\not games\entitysystem - c++\entitysystem\debug\entitysystem.tlog\link.read.1.tlog
h:\trabalhos\my\not games\entitysystem - c++\entitysystem\debug\entitysystem.tlog\link.write.1.tlog
